#-----------------------------------------------------------
# Vivado v2017.4 (64-bit)
# SW Build 2086221 on Fri Dec 15 20:55:39 MST 2017
# IP Build 2085800 on Fri Dec 15 22:25:07 MST 2017
# Start of session at: Wed Jul  1 15:59:48 2020
# Process ID: 13168
# Current directory: D:/SNS/MC02/DVD/MC02_DVD_V1.0/FPGA_RefDesign/08_10GE_MAC/10GE_MAC/proj
# Command line: vivado.exe -gui_launcher_event rodinguilauncherevent13148 D:\SNS\MC02\DVD\MC02_DVD_V1.0\FPGA_RefDesign\08_10GE_MAC\10GE_MAC\proj\XGE_MAC.xpr
# Log file: D:/SNS/MC02/DVD/MC02_DVD_V1.0/FPGA_RefDesign/08_10GE_MAC/10GE_MAC/proj/vivado.log
# Journal file: D:/SNS/MC02/DVD/MC02_DVD_V1.0/FPGA_RefDesign/08_10GE_MAC/10GE_MAC/proj\vivado.jou
#-----------------------------------------------------------
start_gui
open_project D:/SNS/MC02/DVD/MC02_DVD_V1.0/FPGA_RefDesign/08_10GE_MAC/10GE_MAC/proj/XGE_MAC.xpr
Scanning sources...
Finished scanning sources
INFO: [IP_Flow 19-234] Refreshing IP repositories
INFO: [IP_Flow 19-1704] No user IP repositories specified
INFO: [IP_Flow 19-2313] Loaded Vivado IP repository 'F:/vivado/Vivado/2017.4/data/ip'.
WARNING: [IP_Flow 19-2162] IP 'ten_gig_eth_pcs_pma_0' is locked:
* IP definition '10G Ethernet PCS/PMA (10GBASE-R/KR) (6.0)' for IP 'ten_gig_eth_pcs_pma_0' (customized with software release 2016.4) has a different revision in the IP Catalog.
* IP 'ten_gig_eth_pcs_pma_0' contains one or more locked subcores.
Please select 'Report IP Status' from the 'Tools/Report' menu or run Tcl command 'report_ip_status' for more information.
WARNING: [IP_Flow 19-2162] IP 'ten_gig_eth_mac_0' is locked:
* IP definition '10G Ethernet MAC (15.1)' for IP 'ten_gig_eth_mac_0' (customized with software release 2016.4) has a different revision in the IP Catalog.
Please select 'Report IP Status' from the 'Tools/Report' menu or run Tcl command 'report_ip_status' for more information.
WARNING: [IP_Flow 19-2162] IP 'ClkGen' is locked:
* IP definition 'Clocking Wizard (5.3)' for IP 'ClkGen' (customized with software release 2016.4) has a newer minor version in the IP Catalog.
Please select 'Report IP Status' from the 'Tools/Report' menu or run Tcl command 'report_ip_status' for more information.
open_project: Time (s): cpu = 00:00:15 ; elapsed = 00:00:22 . Memory (MB): peak = 780.840 ; gain = 137.152
update_compile_order -fileset sources_1
exit
INFO: [Common 17-206] Exiting Vivado at Wed Jul  1 16:50:23 2020...
