#-----------------------------------------------------------
# Vivado v2017.4_AR70877 (64-bit)
# SW Build 2086221 on Fri Dec 15 20:55:39 MST 2017
# IP Build 2085800 on Fri Dec 15 22:25:07 MST 2017
# Start of session at: Sun Jul 12 11:37:41 2020
# Process ID: 7860
# Current directory: D:/fpga/yxj/xdma_0_ex
# Command line: vivado.exe -gui_launcher_event rodinguilauncherevent4656 D:\fpga\yxj\xdma_0_ex\xdma_0_ex.xpr
# Log file: D:/fpga/yxj/xdma_0_ex/vivado.log
# Journal file: D:/fpga/yxj/xdma_0_ex\vivado.jou
#-----------------------------------------------------------
start_gui
open_project D:/fpga/yxj/xdma_0_ex/xdma_0_ex.xpr
CRITICAL WARNING: [Project 1-19] Could not find the file 'D:/fpga/yxj/xdma_0_ex/sim_test_behav.wcfg'.
Scanning sources...
Finished scanning sources
INFO: [IP_Flow 19-234] Refreshing IP repositories
INFO: [IP_Flow 19-1704] No user IP repositories specified
INFO: [IP_Flow 19-2313] Loaded Vivado IP repository 'D:/Xilinx/Vivado/2017.4/patches/AR70877_Vivado_2017_4_preliminary_rev1/vivado/data/ip'.
INFO: [IP_Flow 19-2313] Loaded Vivado IP repository 'D:/Xilinx/Vivado/2017.4/data/ip'.
WARNING: [IP_Flow 19-4830] Duplicate Interface found for 'xilinx.com:display_xdma:dsc_bypass:1.0'. The one found in location 'd:/Xilinx/Vivado/2017.4/patches/AR70877_Vivado_2017_4_preliminary_rev1/vivado/data/ip/xilinx/xdma_v4_0/interfaces/dsc_bypass.xml' will take precedence over the same Interface in location 'd:/Xilinx/Vivado/2017.4/data/ip/xilinx/xdma_v4_0/interfaces/dsc_bypass.xml'
WARNING: [IP_Flow 19-4830] Duplicate Interface found for 'xilinx.com:display_xdma:pcie3_7x_transceiver_debug:1.0'. The one found in location 'd:/Xilinx/Vivado/2017.4/patches/AR70877_Vivado_2017_4_preliminary_rev1/vivado/data/ip/xilinx/xdma_v4_0/interfaces/pcie3_7x_transceiver_debug.xml' will take precedence over the same Interface in location 'd:/Xilinx/Vivado/2017.4/data/ip/xilinx/xdma_v4_0/interfaces/pcie3_7x_transceiver_debug.xml'
WARNING: [IP_Flow 19-4830] Duplicate Interface found for 'xilinx.com:display_pcie3_ultrascale:ext_shared_logic:1.0'. The one found in location 'd:/Xilinx/Vivado/2017.4/patches/AR70877_Vivado_2017_4_preliminary_rev1/vivado/data/ip/xilinx/xdma_v4_0/interfaces/pcie3_us_ext_shared_logic.xml' will take precedence over the same Interface in location 'd:/Xilinx/Vivado/2017.4/data/ip/xilinx/xdma_v4_0/interfaces/pcie3_us_ext_shared_logic.xml'
WARNING: [IP_Flow 19-4830] Duplicate Interface found for 'xilinx.com:display_pcie3_ultrascale:pcie3_us_gt_if:1.0'. The one found in location 'd:/Xilinx/Vivado/2017.4/patches/AR70877_Vivado_2017_4_preliminary_rev1/vivado/data/ip/xilinx/xdma_v4_0/interfaces/pcie3_us_gt_if.xml' will take precedence over the same Interface in location 'd:/Xilinx/Vivado/2017.4/data/ip/xilinx/xdma_v4_0/interfaces/pcie3_us_gt_if.xml'
WARNING: [IP_Flow 19-4830] Duplicate Interface found for 'xilinx.com:display_xdma:int_shared_logic:1.0'. The one found in location 'd:/Xilinx/Vivado/2017.4/patches/AR70877_Vivado_2017_4_preliminary_rev1/vivado/data/ip/xilinx/xdma_v4_0/interfaces/pcie3_us_int_shared_logic.xml' will take precedence over the same Interface in location 'd:/Xilinx/Vivado/2017.4/data/ip/xilinx/xdma_v4_0/interfaces/pcie3_us_int_shared_logic.xml'
WARNING: [IP_Flow 19-4830] Duplicate Interface found for 'xilinx.com:display_xdma:pcie3_us_transceiver_debug:1.0'. The one found in location 'd:/Xilinx/Vivado/2017.4/patches/AR70877_Vivado_2017_4_preliminary_rev1/vivado/data/ip/xilinx/xdma_v4_0/interfaces/pcie3_us_transceiver_debug.xml' will take precedence over the same Interface in location 'd:/Xilinx/Vivado/2017.4/data/ip/xilinx/xdma_v4_0/interfaces/pcie3_us_transceiver_debug.xml'
WARNING: [IP_Flow 19-4830] Duplicate Interface found for 'xilinx.com:display_pcie4:pcie4_gt_if:1.0'. The one found in location 'd:/Xilinx/Vivado/2017.4/patches/AR70877_Vivado_2017_4_preliminary_rev1/vivado/data/ip/xilinx/xdma_v4_0/interfaces/pcie4_gt_if.xml' will take precedence over the same Interface in location 'd:/Xilinx/Vivado/2017.4/data/ip/xilinx/xdma_v4_0/interfaces/pcie4_gt_if.xml'
WARNING: [IP_Flow 19-4830] Duplicate Interface found for 'xilinx.com:display_pcie4_uscaleplus:ext_gtcom:1.0'. The one found in location 'd:/Xilinx/Vivado/2017.4/patches/AR70877_Vivado_2017_4_preliminary_rev1/vivado/data/ip/xilinx/xdma_v4_0/interfaces/pcie4_usp_ext_gtcom.xml' will take precedence over the same Interface in location 'd:/Xilinx/Vivado/2017.4/data/ip/xilinx/xdma_v4_0/interfaces/pcie4_usp_ext_gtcom.xml'
WARNING: [IP_Flow 19-4830] Duplicate Interface found for 'xilinx.com:display_pcie4_uscaleplus:int_gtcom:1.0'. The one found in location 'd:/Xilinx/Vivado/2017.4/patches/AR70877_Vivado_2017_4_preliminary_rev1/vivado/data/ip/xilinx/xdma_v4_0/interfaces/pcie4_usp_int_gtcom.xml' will take precedence over the same Interface in location 'd:/Xilinx/Vivado/2017.4/data/ip/xilinx/xdma_v4_0/interfaces/pcie4_usp_int_gtcom.xml'
WARNING: [IP_Flow 19-4830] Duplicate Interface found for 'xilinx.com:display_xdma:pcie4_us_plus_transceiver_debug:1.0'. The one found in location 'd:/Xilinx/Vivado/2017.4/patches/AR70877_Vivado_2017_4_preliminary_rev1/vivado/data/ip/xilinx/xdma_v4_0/interfaces/pcie4_us_plus_transceiver_debug.xml' will take precedence over the same Interface in location 'd:/Xilinx/Vivado/2017.4/data/ip/xilinx/xdma_v4_0/interfaces/pcie4_us_plus_transceiver_debug.xml'
WARNING: [IP_Flow 19-4830] Duplicate Interface found for 'xilinx.com:display_xdma:pcie_cfg_external_msix:1.0'. The one found in location 'd:/Xilinx/Vivado/2017.4/patches/AR70877_Vivado_2017_4_preliminary_rev1/vivado/data/ip/xilinx/xdma_v4_0/interfaces/pcie_cfg_ext_msix.xml' will take precedence over the same Interface in location 'd:/Xilinx/Vivado/2017.4/data/ip/xilinx/xdma_v4_0/interfaces/pcie_cfg_ext_msix.xml'
WARNING: [IP_Flow 19-4830] Duplicate Interface found for 'xilinx.com:display_xdma:pcie_debug:1.0'. The one found in location 'd:/Xilinx/Vivado/2017.4/patches/AR70877_Vivado_2017_4_preliminary_rev1/vivado/data/ip/xilinx/xdma_v4_0/interfaces/pcie_debug.xml' will take precedence over the same Interface in location 'd:/Xilinx/Vivado/2017.4/data/ip/xilinx/xdma_v4_0/interfaces/pcie_debug.xml'
WARNING: [IP_Flow 19-4830] Duplicate Interface found for 'xilinx.com:display_xdma:xdma_debug_ports:1.0'. The one found in location 'd:/Xilinx/Vivado/2017.4/patches/AR70877_Vivado_2017_4_preliminary_rev1/vivado/data/ip/xilinx/xdma_v4_0/interfaces/xdma_debug_ports.xml' will take precedence over the same Interface in location 'd:/Xilinx/Vivado/2017.4/data/ip/xilinx/xdma_v4_0/interfaces/xdma_debug_ports.xml'
WARNING: [IP_Flow 19-4830] Duplicate Interface found for 'xilinx.com:display_xdma:xdma_status_ports:1.0'. The one found in location 'd:/Xilinx/Vivado/2017.4/patches/AR70877_Vivado_2017_4_preliminary_rev1/vivado/data/ip/xilinx/xdma_v4_0/interfaces/xdma_status_ports.xml' will take precedence over the same Interface in location 'd:/Xilinx/Vivado/2017.4/data/ip/xilinx/xdma_v4_0/interfaces/xdma_status_ports.xml'
open_project: Time (s): cpu = 00:01:17 ; elapsed = 00:00:44 . Memory (MB): peak = 1042.766 ; gain = 293.957
update_compile_order -fileset sources_1
open_bd_design {D:/fpga/yxj/xdma_0_ex/xdma_0_ex.srcs/sources_1/bd/xdma_and_ram/xdma_and_ram.bd}
Adding cell -- xilinx.com:ip:xdma:4.0 - xdma_0
Adding cell -- xilinx.com:ip:axi_bram_ctrl:4.0 - axi_bram_ctrl_0
Adding cell -- xilinx.com:ip:util_ds_buf:2.1 - util_ds_buf
Adding cell -- xilinx.com:ip:blk_mem_gen:8.4 - axi_bram_ctrl_0_bram
CRITICAL WARNING: [BD 41-1287] Associated interface by name s_axil not found for clock port /axi_aclk
Adding cell -- xilinx.com:ip:axi_dwidth_converter:2.1 - auto_ds
Successfully read diagram <xdma_and_ram> from BD file <D:/fpga/yxj/xdma_0_ex/xdma_0_ex.srcs/sources_1/bd/xdma_and_ram/xdma_and_ram.bd>
open_bd_design: Time (s): cpu = 00:00:44 ; elapsed = 00:00:25 . Memory (MB): peak = 1111.473 ; gain = 62.684
exit
INFO: [Common 17-206] Exiting Vivado at Mon Jul 13 10:00:07 2020...
