#-----------------------------------------------------------
# Vivado v2017.4 (64-bit)
# SW Build 2086221 on Fri Dec 15 20:55:39 MST 2017
# IP Build 2085800 on Fri Dec 15 22:25:07 MST 2017
# Start of session at: Sun Dec 13 16:13:24 2020
# Process ID: 22724
# Current directory: D:/stateless_board_git/ram_eth
# Command line: vivado.exe -gui_launcher_event rodinguilauncherevent5988 D:\stateless_board_git\ram_eth\ram_eth.xpr
# Log file: D:/stateless_board_git/ram_eth/vivado.log
# Journal file: D:/stateless_board_git/ram_eth\vivado.jou
#-----------------------------------------------------------
start_gui
open_project D:/stateless_board_git/ram_eth/ram_eth.xpr
INFO: [Project 1-313] Project file moved from 'D:/pcie_eth_10g/ram_eth' since last save.
CRITICAL WARNING: [Project 1-311] Could not find the file 'D:/stateless_board_git/PCIE_to_ram_ing/FPGA/pcieax7103x4_128ddr3/PCIe.runs/synth_1/TOP.dcp', nor could it be found using path 'D:/pcie_eth_10g/PCIE_to_ram_ing/FPGA/pcieax7103x4_128ddr3/PCIe.runs/synth_1/TOP.dcp'.
WARNING: [Project 1-865] Could not find the file D:/stateless_board_git/PCIE_to_ram_ing/FPGA/pcieax7103x4_128ddr3/PCIe.runs/synth_1/TOP.dcp
CRITICAL WARNING: [Project 1-311] Could not find the file 'D:/stateless_board_git/PCIE_to_ram_ing/FPGA/pcieax7103x4_128ddr3/PCIe.sim/sim_1/behav/xsim/glbl.v', nor could it be found using path 'D:/pcie_eth_10g/PCIE_to_ram_ing/FPGA/pcieax7103x4_128ddr3/PCIe.sim/sim_1/behav/xsim/glbl.v'.
CRITICAL WARNING: [Project 1-311] Could not find the file 'D:/stateless_board_git/PCIE_to_ram_ing/FPGA/pcieax7103x4_128ddr3/PCIe.ip_user_files/sim_scripts/PCIe/xsim/glbl.v', nor could it be found using path 'D:/pcie_eth_10g/PCIE_to_ram_ing/FPGA/pcieax7103x4_128ddr3/PCIe.ip_user_files/sim_scripts/PCIe/xsim/glbl.v'.
WARNING: [Project 1-312] File not found as 'D:/stateless_board_git/ram_eth/ram_eth.srcs/sources_1/ip/ClkGen/ClkGen.xci'; using path 'D:/pcie_eth_10g/ram_eth/ram_eth.srcs/sources_1/ip/ClkGen/ClkGen.xci' instead.
WARNING: [Project 1-312] File not found as 'D:/stateless_board_git/ram_eth/ram_eth.srcs/sources_1/ip/fifo_generator_0_1/fifo_generator_0.xci'; using path 'D:/pcie_eth_10g/ram_eth/ram_eth.srcs/sources_1/ip/fifo_generator_0_1/fifo_generator_0.xci' instead.
WARNING: [Project 1-312] File not found as 'D:/stateless_board_git/ram_eth/ram_eth.srcs/sources_1/ip/fifo_generator_2/fifo_generator_2.xci'; using path 'D:/pcie_eth_10g/ram_eth/ram_eth.srcs/sources_1/ip/fifo_generator_2/fifo_generator_2.xci' instead.
WARNING: [Project 1-312] File not found as 'D:/stateless_board_git/ram_eth/ram_eth.srcs/sources_1/ip/despatch_fifo/despatch_fifo.xci'; using path 'D:/pcie_eth_10g/ram_eth/ram_eth.srcs/sources_1/ip/despatch_fifo/despatch_fifo.xci' instead.
WARNING: [Project 1-312] File not found as 'D:/stateless_board_git/ram_eth/ram_eth.srcs/sources_1/ip/dsc_gen_fifo/dsc_gen_fifo.xci'; using path 'D:/pcie_eth_10g/ram_eth/ram_eth.srcs/sources_1/ip/dsc_gen_fifo/dsc_gen_fifo.xci' instead.
WARNING: [Project 1-312] File not found as 'D:/stateless_board_git/ram_eth/ram_eth.srcs/sources_1/ip/tx_data_fifo/tx_data_fifo.xci'; using path 'D:/pcie_eth_10g/ram_eth/ram_eth.srcs/sources_1/ip/tx_data_fifo/tx_data_fifo.xci' instead.
WARNING: [Project 1-312] File not found as 'D:/stateless_board_git/ram_eth/ram_eth.srcs/sources_1/ip/ten_to_one_fifo/ten_to_one_fifo.xci'; using path 'D:/pcie_eth_10g/ram_eth/ram_eth.srcs/sources_1/ip/ten_to_one_fifo/ten_to_one_fifo.xci' instead.
WARNING: [Project 1-312] File not found as 'D:/stateless_board_git/ram_eth/ram_eth.srcs/sources_1/ip/event_header_fifo/event_header_fifo.xci'; using path 'D:/pcie_eth_10g/ram_eth/ram_eth.srcs/sources_1/ip/event_header_fifo/event_header_fifo.xci' instead.
WARNING: [Project 1-312] File not found as 'D:/stateless_board_git/ram_eth/ram_eth.srcs/sources_1/ip/fifo_generator_1/fifo_generator_1.xci'; using path 'D:/pcie_eth_10g/ram_eth/ram_eth.srcs/sources_1/ip/fifo_generator_1/fifo_generator_1.xci' instead.
WARNING: [Project 1-312] File not found as 'D:/stateless_board_git/ram_eth/ram_eth.srcs/sources_1/ip/one_to_ten_fifo/one_to_ten_fifo.xci'; using path 'D:/pcie_eth_10g/ram_eth/ram_eth.srcs/sources_1/ip/one_to_ten_fifo/one_to_ten_fifo.xci' instead.
Scanning sources...
Finished scanning sources
WARNING: [Project 1-865] Could not find the file D:/stateless_board_git/PCIE_to_ram_ing/FPGA/pcieax7103x4_128ddr3/PCIe.runs/synth_1/TOP.dcp
WARNING: [Project 1-312] File not found as 'D:/stateless_board_git/ram_eth/ram_eth.srcs/sources_1/ip/ClkGen/ClkGen.xci'; using path 'D:/pcie_eth_10g/ram_eth/ram_eth.srcs/sources_1/ip/ClkGen/ClkGen.xci' instead.
WARNING: [Project 1-312] File not found as 'D:/stateless_board_git/ram_eth/ram_eth.srcs/sources_1/ip/ClkGen/ClkGen.xci'; using path 'D:/pcie_eth_10g/ram_eth/ram_eth.srcs/sources_1/ip/ClkGen/ClkGen.xci' instead.
WARNING: [Project 1-312] File not found as 'D:/stateless_board_git/ram_eth/ram_eth.srcs/sources_1/ip/fifo_generator_0_1/fifo_generator_0.xci'; using path 'D:/pcie_eth_10g/ram_eth/ram_eth.srcs/sources_1/ip/fifo_generator_0_1/fifo_generator_0.xci' instead.
WARNING: [Project 1-312] File not found as 'D:/stateless_board_git/ram_eth/ram_eth.srcs/sources_1/ip/fifo_generator_0_1/fifo_generator_0.xci'; using path 'D:/pcie_eth_10g/ram_eth/ram_eth.srcs/sources_1/ip/fifo_generator_0_1/fifo_generator_0.xci' instead.
WARNING: [Project 1-312] File not found as 'D:/stateless_board_git/ram_eth/ram_eth.srcs/sources_1/ip/fifo_generator_2/fifo_generator_2.xci'; using path 'D:/pcie_eth_10g/ram_eth/ram_eth.srcs/sources_1/ip/fifo_generator_2/fifo_generator_2.xci' instead.
WARNING: [Project 1-312] File not found as 'D:/stateless_board_git/ram_eth/ram_eth.srcs/sources_1/ip/fifo_generator_2/fifo_generator_2.xci'; using path 'D:/pcie_eth_10g/ram_eth/ram_eth.srcs/sources_1/ip/fifo_generator_2/fifo_generator_2.xci' instead.
WARNING: [Project 1-312] File not found as 'D:/stateless_board_git/ram_eth/ram_eth.srcs/sources_1/ip/despatch_fifo/despatch_fifo.xci'; using path 'D:/pcie_eth_10g/ram_eth/ram_eth.srcs/sources_1/ip/despatch_fifo/despatch_fifo.xci' instead.
WARNING: [Project 1-312] File not found as 'D:/stateless_board_git/ram_eth/ram_eth.srcs/sources_1/ip/despatch_fifo/despatch_fifo.xci'; using path 'D:/pcie_eth_10g/ram_eth/ram_eth.srcs/sources_1/ip/despatch_fifo/despatch_fifo.xci' instead.
WARNING: [Project 1-312] File not found as 'D:/stateless_board_git/ram_eth/ram_eth.srcs/sources_1/ip/dsc_gen_fifo/dsc_gen_fifo.xci'; using path 'D:/pcie_eth_10g/ram_eth/ram_eth.srcs/sources_1/ip/dsc_gen_fifo/dsc_gen_fifo.xci' instead.
WARNING: [Project 1-312] File not found as 'D:/stateless_board_git/ram_eth/ram_eth.srcs/sources_1/ip/dsc_gen_fifo/dsc_gen_fifo.xci'; using path 'D:/pcie_eth_10g/ram_eth/ram_eth.srcs/sources_1/ip/dsc_gen_fifo/dsc_gen_fifo.xci' instead.
WARNING: [Project 1-312] File not found as 'D:/stateless_board_git/ram_eth/ram_eth.srcs/sources_1/ip/tx_data_fifo/tx_data_fifo.xci'; using path 'D:/pcie_eth_10g/ram_eth/ram_eth.srcs/sources_1/ip/tx_data_fifo/tx_data_fifo.xci' instead.
WARNING: [Project 1-312] File not found as 'D:/stateless_board_git/ram_eth/ram_eth.srcs/sources_1/ip/tx_data_fifo/tx_data_fifo.xci'; using path 'D:/pcie_eth_10g/ram_eth/ram_eth.srcs/sources_1/ip/tx_data_fifo/tx_data_fifo.xci' instead.
WARNING: [Project 1-312] File not found as 'D:/stateless_board_git/ram_eth/ram_eth.srcs/sources_1/ip/ten_to_one_fifo/ten_to_one_fifo.xci'; using path 'D:/pcie_eth_10g/ram_eth/ram_eth.srcs/sources_1/ip/ten_to_one_fifo/ten_to_one_fifo.xci' instead.
WARNING: [Project 1-312] File not found as 'D:/stateless_board_git/ram_eth/ram_eth.srcs/sources_1/ip/ten_to_one_fifo/ten_to_one_fifo.xci'; using path 'D:/pcie_eth_10g/ram_eth/ram_eth.srcs/sources_1/ip/ten_to_one_fifo/ten_to_one_fifo.xci' instead.
WARNING: [Project 1-312] File not found as 'D:/stateless_board_git/ram_eth/ram_eth.srcs/sources_1/ip/event_header_fifo/event_header_fifo.xci'; using path 'D:/pcie_eth_10g/ram_eth/ram_eth.srcs/sources_1/ip/event_header_fifo/event_header_fifo.xci' instead.
WARNING: [Project 1-312] File not found as 'D:/stateless_board_git/ram_eth/ram_eth.srcs/sources_1/ip/event_header_fifo/event_header_fifo.xci'; using path 'D:/pcie_eth_10g/ram_eth/ram_eth.srcs/sources_1/ip/event_header_fifo/event_header_fifo.xci' instead.
WARNING: [Project 1-312] File not found as 'D:/stateless_board_git/ram_eth/ram_eth.srcs/sources_1/ip/fifo_generator_1/fifo_generator_1.xci'; using path 'D:/pcie_eth_10g/ram_eth/ram_eth.srcs/sources_1/ip/fifo_generator_1/fifo_generator_1.xci' instead.
WARNING: [Project 1-312] File not found as 'D:/stateless_board_git/ram_eth/ram_eth.srcs/sources_1/ip/fifo_generator_1/fifo_generator_1.xci'; using path 'D:/pcie_eth_10g/ram_eth/ram_eth.srcs/sources_1/ip/fifo_generator_1/fifo_generator_1.xci' instead.
WARNING: [Project 1-312] File not found as 'D:/stateless_board_git/ram_eth/ram_eth.srcs/sources_1/ip/one_to_ten_fifo/one_to_ten_fifo.xci'; using path 'D:/pcie_eth_10g/ram_eth/ram_eth.srcs/sources_1/ip/one_to_ten_fifo/one_to_ten_fifo.xci' instead.
WARNING: [Project 1-312] File not found as 'D:/stateless_board_git/ram_eth/ram_eth.srcs/sources_1/ip/one_to_ten_fifo/one_to_ten_fifo.xci'; using path 'D:/pcie_eth_10g/ram_eth/ram_eth.srcs/sources_1/ip/one_to_ten_fifo/one_to_ten_fifo.xci' instead.
WARNING: [Project 1-865] Could not find the file D:/stateless_board_git/PCIE_to_ram_ing/FPGA/pcieax7103x4_128ddr3/PCIe.runs/synth_1/TOP.dcp
INFO: [IP_Flow 19-234] Refreshing IP repositories
INFO: [IP_Flow 19-1704] No user IP repositories specified
INFO: [IP_Flow 19-2313] Loaded Vivado IP repository 'F:/vivado/Vivado/2017.4/data/ip'.
open_project: Time (s): cpu = 00:00:27 ; elapsed = 00:00:34 . Memory (MB): peak = 965.184 ; gain = 308.133
update_compile_order -fileset sources_1
exit
INFO: [Common 17-206] Exiting Vivado at Sun Dec 13 16:15:49 2020...
